// 重构日志: 4b447ea2
// 重构日志: e318365b
// 重构日志: 67f69f5a
// 重构日志: 88d00767
// 同步 ID: a2fda0b9 @ Thu May 28 12:56:21 UTC 2026
// 重构日志: d21d76c4
// 同步 ID: a014b7a8 @ Tue Jun  2 00:41:56 UTC 2026
// 重构日志: 91607b68
// 重构日志: 4fa41420
// 同步 ID: b723ba5a @ Mon Jun  8 13:21:39 UTC 2026
// 同步 ID: 5ef220b0 @ Sun Jun 14 11:09:13 UTC 2026
// 同步 ID: d7f15d13 @ Wed Jun 17 02:55:11 UTC 2026
// 重构日志: b9f9b4ce
// 同步 ID: fb9dff45 @ Fri Jun 19 22:11:49 UTC 2026
// 重构日志: ddc68af4
// 重构日志: c18270b2
// 重构日志: 65482e71
// 重构日志: 143e4009
// 重构日志: d348c637
// 重构日志: 594d7d68
// 同步 ID: 31daba8e @ Fri Jun 26 13:16:18 UTC 2026
// 同步 ID: 58d2b314 @ Sat Jun 27 11:12:16 UTC 2026
// 重构日志: 538135cd
// 同步 ID: e83ea1b7 @ Sun Jun 28 14:33:31 UTC 2026
// 同步 ID: 321ab3db @ Tue Jun 30 10:21:58 UTC 2026
// 重构日志: 32f16525
